[01m[Kc++:[m[K [01;31m[Kfatal error: [m[KKilled signal terminated program cc1plus
compilation terminated.
gmake[2]: *** [CMakeFiles/moveit_task_constructor_demo_pick_place_task.dir/build.make:76: CMakeFiles/moveit_task_constructor_demo_pick_place_task.dir/src/pick_place_task.cpp.o] Error 1
gmake[1]: *** [CMakeFiles/Makefile2:153: CMakeFiles/moveit_task_constructor_demo_pick_place_task.dir/all] Error 2
gmake[1]: *** Waiting for unfinished jobs....
[01m[Kc++:[m[K [01;31m[Kfatal error: [m[KKilled signal terminated program cc1plus
compilation terminated.
gmake[2]: *** [CMakeFiles/moveit_task_constructor_demo_fallbacks_move_to.dir/build.make:76: CMakeFiles/moveit_task_constructor_demo_fallbacks_move_to.dir/src/fallbacks_move_to.cpp.o] Error 1
gmake[1]: *** [CMakeFiles/Makefile2:309: CMakeFiles/moveit_task_constructor_demo_fallbacks_move_to.dir/all] Error 2
[01m[Kc++:[m[K [01;31m[Kfatal error: [m[KKilled signal terminated program cc1plus
compilation terminated.
gmake[2]: *** [CMakeFiles/moveit_task_constructor_demo_modular.dir/build.make:76: CMakeFiles/moveit_task_constructor_demo_modular.dir/src/modular.cpp.o] Error 1
gmake[1]: *** [CMakeFiles/Makefile2:205: CMakeFiles/moveit_task_constructor_demo_modular.dir/all] Error 2
[01m[Kc++:[m[K [01;31m[Kfatal error: [m[KKilled signal terminated program cc1plus
compilation terminated.
gmake[2]: *** [CMakeFiles/moveit_task_constructor_demo_ik_clearance_cost.dir/build.make:76: CMakeFiles/moveit_task_constructor_demo_ik_clearance_cost.dir/src/ik_clearance_cost.cpp.o] Error 1
gmake[1]: *** [CMakeFiles/Makefile2:257: CMakeFiles/moveit_task_constructor_demo_ik_clearance_cost.dir/all] Error 2
[01m[Kc++:[m[K [01;31m[Kfatal error: [m[KKilled signal terminated program cc1plus
compilation terminated.
gmake[2]: *** [CMakeFiles/moveit_task_constructor_demo_cartesian.dir/build.make:76: CMakeFiles/moveit_task_constructor_demo_cartesian.dir/src/cartesian.cpp.o] Error 1
gmake[1]: *** [CMakeFiles/Makefile2:179: CMakeFiles/moveit_task_constructor_demo_cartesian.dir/all] Error 2
[01m[Kc++:[m[K [01;31m[Kfatal error: [m[KKilled signal terminated program cc1plus
compilation terminated.
gmake[2]: *** [CMakeFiles/moveit_task_constructor_demo_alternative_path_costs.dir/build.make:76: CMakeFiles/moveit_task_constructor_demo_alternative_path_costs.dir/src/alternative_path_costs.cpp.o] Error 1
gmake[1]: *** [CMakeFiles/Makefile2:231: CMakeFiles/moveit_task_constructor_demo_alternative_path_costs.dir/all] Error 2
gmake: *** [Makefile:146: all] Error 2
