[0.041s] Invoking command in '/home/manuel/robotic-models/ws_moveit2/build/srdfdom': CMAKE_PREFIX_PATH=${CMAKE_PREFIX_PATH}:/home/manuel/robotic-models/ws_moveit/install/moveit_configs_utils:/opt/ros/humble /usr/bin/cmake /home/manuel/robotic-models/ws_moveit2/src/srdfdom -DCMAKE_BUILD_TYPE=Release -DCMAKE_INSTALL_PREFIX=/home/manuel/robotic-models/ws_moveit2/install/srdfdom
[0.280s] -- The CXX compiler identification is GNU 11.4.0
[0.280s] -- Detecting CXX compiler ABI info
[0.281s] -- Detecting CXX compiler ABI info - done
[0.281s] -- Check for working CXX compiler: /usr/bin/c++ - skipped
[0.281s] -- Detecting CXX compile features
[0.282s] -- Detecting CXX compile features - done
[0.282s] -- Found Boost: /usr/lib/x86_64-linux-gnu/cmake/Boost-1.74.0/BoostConfig.cmake (found version "1.74.0")  
[0.282s] -- Found ament_cmake: 1.3.8 (/opt/ros/humble/share/ament_cmake/cmake)
[0.381s] -- Found Python3: /usr/bin/python3 (found version "3.10.12") found components: Interpreter 
[0.486s] -- Found urdf: 2.6.0 (/opt/ros/humble/share/urdf/cmake)
[0.574s] -- Found TinyXML2 via Config file: TinyXML2_DIR-NOTFOUND
[0.673s] -- Found ament_cmake_gtest: 1.3.8 (/opt/ros/humble/share/ament_cmake_gtest/cmake)
[0.675s] -- Found ament_cmake_pytest: 1.3.8 (/opt/ros/humble/share/ament_cmake_pytest/cmake)
[1.404s] -- Locale nl_NL not available. Locale test will not be meaningful.
[1.423s] -- Found gtest sources under '/opt/ros/humble/src/gtest_vendor': C++ tests using 'Google Test' will be built
[1.459s] -- The C compiler identification is GNU 11.4.0
[1.465s] -- Detecting C compiler ABI info
[1.535s] -- Detecting C compiler ABI info - done
[1.541s] -- Check for working C compiler: /usr/bin/cc - skipped
[1.541s] -- Detecting C compile features
[1.542s] -- Detecting C compile features - done
[1.547s] -- Looking for C++ include pthread.h
[1.635s] -- Looking for C++ include pthread.h - found
[1.636s] -- Performing Test CMAKE_HAVE_LIBC_PTHREAD
[1.718s] -- Performing Test CMAKE_HAVE_LIBC_PTHREAD - Success
[1.720s] -- Found Threads: TRUE  
[1.725s] -- Found ament_lint_auto: 0.12.10 (/opt/ros/humble/share/ament_lint_auto/cmake)
[1.751s] -- Configuring done
[1.770s] -- Generating done
[1.771s] -- Build files have been written to: /home/manuel/robotic-models/ws_moveit2/build/srdfdom
[1.779s] Invoked command in '/home/manuel/robotic-models/ws_moveit2/build/srdfdom' returned '0': CMAKE_PREFIX_PATH=${CMAKE_PREFIX_PATH}:/home/manuel/robotic-models/ws_moveit/install/moveit_configs_utils:/opt/ros/humble /usr/bin/cmake /home/manuel/robotic-models/ws_moveit2/src/srdfdom -DCMAKE_BUILD_TYPE=Release -DCMAKE_INSTALL_PREFIX=/home/manuel/robotic-models/ws_moveit2/install/srdfdom
[1.780s] Invoking command in '/home/manuel/robotic-models/ws_moveit2/build/srdfdom': CMAKE_PREFIX_PATH=${CMAKE_PREFIX_PATH}:/home/manuel/robotic-models/ws_moveit/install/moveit_configs_utils:/opt/ros/humble /usr/bin/cmake --build /home/manuel/robotic-models/ws_moveit2/build/srdfdom -- -j16 -l16
[1.823s] [  9%] [32mBuilding CXX object gtest/CMakeFiles/gtest_main.dir/src/gtest_main.cc.o[0m
[1.823s] [ 27%] [32mBuilding CXX object CMakeFiles/srdfdom.dir/src/model.cpp.o[0m
[1.823s] [ 27%] [32mBuilding CXX object CMakeFiles/srdfdom.dir/src/srdf_writer.cpp.o[0m
[1.823s] [ 36%] [32mBuilding CXX object gtest/CMakeFiles/gtest.dir/src/gtest-all.cc.o[0m
[1.833s] [ 36%] Built target ament_cmake_python_copy_srdfdom
[2.125s] running egg_info
[2.125s] creating srdfdom.egg-info
[2.126s] writing srdfdom.egg-info/PKG-INFO
[2.126s] writing dependency_links to srdfdom.egg-info/dependency_links.txt
[2.126s] writing top-level names to srdfdom.egg-info/top_level.txt
[2.127s] writing manifest file 'srdfdom.egg-info/SOURCES.txt'
[2.130s] reading manifest file 'srdfdom.egg-info/SOURCES.txt'
[2.130s] writing manifest file 'srdfdom.egg-info/SOURCES.txt'
[2.170s] [ 36%] Built target ament_cmake_python_build_srdfdom_egg
[2.529s] [ 45%] [32m[1mLinking CXX static library libgtest_main.a[0m
[2.867s] [ 45%] Built target gtest_main
[3.983s] gmake[2]: *** [gtest/CMakeFiles/gtest.dir/build.make:76: gtest/CMakeFiles/gtest.dir/src/gtest-all.cc.o] Interrupt
[3.983s] gmake[2]: *** [CMakeFiles/srdfdom.dir/build.make:76: CMakeFiles/srdfdom.dir/src/model.cpp.o] Interrupt
[3.984s] gmake[2]: *** [CMakeFiles/srdfdom.dir/build.make:90: CMakeFiles/srdfdom.dir/src/srdf_writer.cpp.o] Interrupt
[3.984s] gmake[1]: *** [CMakeFiles/Makefile2:296: gtest/CMakeFiles/gtest.dir/all] Interrupt
[3.984s] gmake[1]: *** [CMakeFiles/Makefile2:162: CMakeFiles/srdfdom.dir/all] Interrupt
[3.984s] gmake: *** [Makefile:146: all] Interrupt
